

Version:	3.50
CmdLine:	C:\Users\UserDC\Desktop\MATERIAS DE ESTUDOS E PROJETOS\Todolist\todoList.exe --l4j-debug
JNI:		No
WOW64:		Yes
Create mutex:	TodoApp
Working dir:	C:\Users\UserDC\Desktop\MATERIAS DE ESTUDOS E PROJETOS\Todolist\.
Requires JDK:	No
Requires 64-Bit: No
Java min ver:	
Java max ver:	
JRE paths:	JRE
Check launcher:	C:\Users\UserDC\Desktop\MATERIAS DE ESTUDOS E PROJETOS\Todolist\JRE\bin\javaw.exe (not found)
Error msg:	This application requires a Java Runtime Environment.


Version:	3.50
CmdLine:	C:\Users\UserDC\Desktop\MATERIAS DE ESTUDOS E PROJETOS\Todolist\todoList.exe --l4j-debug
JNI:		No
WOW64:		Yes
Create mutex:	TodoApp
Working dir:	C:\Users\UserDC\Desktop\MATERIAS DE ESTUDOS E PROJETOS\Todolist\.
Requires JDK:	No
Requires 64-Bit: No
Java min ver:	
Java max ver:	
JRE paths:	JRE
Check launcher:	C:\Users\UserDC\Desktop\MATERIAS DE ESTUDOS E PROJETOS\Todolist\JRE\bin\javaw.exe (not found)
Error msg:	This application requires a Java Runtime Environment.


Version:	3.50
CmdLine:	C:\Users\UserDC\Desktop\MATERIAS DE ESTUDOS E PROJETOS\Todolist\todoList.exe --l4j-debug
JNI:		No
WOW64:		Yes
Create mutex:	TodoApp
Working dir:	C:\Users\UserDC\Desktop\MATERIAS DE ESTUDOS E PROJETOS\Todolist\.
Requires JDK:	No
Requires 64-Bit: No
Java min ver:	
Java max ver:	
JRE paths:	C:\Program Files\Java\jdk-21
Check launcher:	C:\Program Files\Java\jdk-21\bin\javaw.exe (OK)
Version string: 1.021.000_006 / 64-Bit (OK)
Launcher:	C:\Program Files\Java\jdk-21\bin\javaw.exe
Launcher args:	-jar "C:\Users\UserDC\Desktop\MATERIAS DE ESTUDOS E PROJETOS\Todolist\todoList.exe"
Args length:	83/32768 chars
Exit code:	0


Version:	3.50
CmdLine:	C:\Users\UserDC\Desktop\MATERIAS DE ESTUDOS E PROJETOS\Todolist\todoList.exe --l4j-debug
JNI:		No
WOW64:		Yes
Create mutex:	TodoApp
Working dir:	C:\Users\UserDC\Desktop\MATERIAS DE ESTUDOS E PROJETOS\Todolist\.
Requires JDK:	No
Requires 64-Bit: No
Java min ver:	
Java max ver:	
JRE paths:	C:\Program Files\Java\jdk-21
Check launcher:	C:\Program Files\Java\jdk-21\bin\javaw.exe (OK)
Version string: 1.021.000_006 / 64-Bit (OK)
Launcher:	C:\Program Files\Java\jdk-21\bin\javaw.exe
Launcher args:	-jar "C:\Users\UserDC\Desktop\MATERIAS DE ESTUDOS E PROJETOS\Todolist\todoList.exe"
Args length:	83/32768 chars
Exit code:	0


Version:	3.50
CmdLine:	C:\Users\UserDC\Desktop\MATERIAS DE ESTUDOS E PROJETOS\Todolist\todoList.exe --l4j-debug
JNI:		No
WOW64:		Yes
Create mutex:	TodoListApp
Working dir:	C:\Users\UserDC\Desktop\MATERIAS DE ESTUDOS E PROJETOS\Todolist\.
Requires JDK:	No
Requires 64-Bit: No
Java min ver:	
Java max ver:	
JRE paths:	C:\Program Files\Java\jdk-21
Check launcher:	C:\Program Files\Java\jdk-21\bin\javaw.exe (OK)
Version string: 1.021.000_006 / 64-Bit (OK)
Launcher:	C:\Program Files\Java\jdk-21\bin\javaw.exe
Launcher args:	-jar "C:\Users\UserDC\Desktop\MATERIAS DE ESTUDOS E PROJETOS\Todolist\todoList.exe"
Args length:	83/32768 chars
Exit code:	0


Version:	3.50
CmdLine:	C:\Users\UserDC\Desktop\MATERIAS DE ESTUDOS E PROJETOS\Todolist\todoList.exe --l4j-debug
JNI:		No
WOW64:		Yes
Create mutex:	TodoListApp
Working dir:	C:\Users\UserDC\Desktop\MATERIAS DE ESTUDOS E PROJETOS\Todolist\.
Requires JDK:	No
Requires 64-Bit: No
Java min ver:	
Java max ver:	
JRE paths:	C:\Program Files\Java\jdk-21
Check launcher:	C:\Program Files\Java\jdk-21\bin\javaw.exe (OK)
Version string: 1.021.000_006 / 64-Bit (OK)
Launcher:	C:\Program Files\Java\jdk-21\bin\javaw.exe
Launcher args:	-jar "C:\Users\UserDC\Desktop\MATERIAS DE ESTUDOS E PROJETOS\Todolist\todoList.exe"
Args length:	83/32768 chars
Exit code:	0


Version:	3.50
CmdLine:	C:\Users\UserDC\Desktop\MATERIAS DE ESTUDOS E PROJETOS\Todolist\todoList.exe --l4j-debug
JNI:		No
WOW64:		Yes
Create mutex:	TodoListApp
Working dir:	C:\Users\UserDC\Desktop\MATERIAS DE ESTUDOS E PROJETOS\Todolist\.
Requires JDK:	No
Requires 64-Bit: No
Java min ver:	
Java max ver:	
JRE paths:	C:\Program Files\Java\jdk-21
Check launcher:	C:\Program Files\Java\jdk-21\bin\javaw.exe (OK)
Version string: 1.021.000_006 / 64-Bit (OK)
Launcher:	C:\Program Files\Java\jdk-21\bin\javaw.exe
Launcher args:	-jar "C:\Users\UserDC\Desktop\MATERIAS DE ESTUDOS E PROJETOS\Todolist\todoList.exe"
Args length:	83/32768 chars
Exit code:	0


Version:	3.50
CmdLine:	C:\Users\UserDC\Desktop\MATERIAS DE ESTUDOS E PROJETOS\Todolist\todoList.exe --l4j-debug
JNI:		No
WOW64:		Yes
Create mutex:	TodoListApp
Working dir:	C:\Users\UserDC\Desktop\MATERIAS DE ESTUDOS E PROJETOS\Todolist\.
Requires JDK:	No
Requires 64-Bit: No
Java min ver:	
Java max ver:	
JRE paths:	C:\Program Files\Java\jdk-21
Check launcher:	C:\Program Files\Java\jdk-21\bin\javaw.exe (OK)
Version string: 1.021.000_006 / 64-Bit (OK)
Launcher:	C:\Program Files\Java\jdk-21\bin\javaw.exe
Launcher args:	-jar "C:\Users\UserDC\Desktop\MATERIAS DE ESTUDOS E PROJETOS\Todolist\todoList.exe"
Args length:	83/32768 chars
Exit code:	0


Version:	3.50
CmdLine:	C:\Users\UserDC\Desktop\MATERIAS DE ESTUDOS E PROJETOS\Todolist\todoList.exe --l4j-debug
JNI:		No
WOW64:		Yes
Create mutex:	TodoListApp
Working dir:	C:\Users\UserDC\Desktop\MATERIAS DE ESTUDOS E PROJETOS\Todolist\.
Requires JDK:	No
Requires 64-Bit: No
Java min ver:	
Java max ver:	
JRE paths:	C:\Program Files\Java\jdk-21
Check launcher:	C:\Program Files\Java\jdk-21\bin\javaw.exe (OK)
Version string: 1.021.000_006 / 64-Bit (OK)
Launcher:	C:\Program Files\Java\jdk-21\bin\javaw.exe
Launcher args:	-jar "C:\Users\UserDC\Desktop\MATERIAS DE ESTUDOS E PROJETOS\Todolist\todoList.exe"
Args length:	83/32768 chars
Exit code:	0


Version:	3.50
CmdLine:	C:\Users\UserDC\Desktop\MATERIAS DE ESTUDOS E PROJETOS\Todolist\todoList.exe --l4j-debug
JNI:		No
WOW64:		Yes
Create mutex:	TodoListApp
Working dir:	C:\Users\UserDC\Desktop\MATERIAS DE ESTUDOS E PROJETOS\Todolist\.
Requires JDK:	No
Requires 64-Bit: No
Java min ver:	
Java max ver:	
JRE paths:	C:\Program Files\Java\jdk-21
Check launcher:	C:\Program Files\Java\jdk-21\bin\javaw.exe (OK)
Version string: 1.021.000_006 / 64-Bit (OK)
Launcher:	C:\Program Files\Java\jdk-21\bin\javaw.exe
Launcher args:	-jar "C:\Users\UserDC\Desktop\MATERIAS DE ESTUDOS E PROJETOS\Todolist\todoList.exe"
Args length:	83/32768 chars
Exit code:	0


Version:	3.50
CmdLine:	C:\Users\UserDC\Desktop\MATERIAS DE ESTUDOS E PROJETOS\Todolist\todoList.exe --l4j-debug
JNI:		No
WOW64:		Yes
Create mutex:	TodoListApp
Working dir:	C:\Users\UserDC\Desktop\MATERIAS DE ESTUDOS E PROJETOS\Todolist\.
Requires JDK:	No
Requires 64-Bit: No
Java min ver:	
Java max ver:	
JRE paths:	C:\Program Files\Java\jdk-21
Check launcher:	C:\Program Files\Java\jdk-21\bin\javaw.exe (OK)
Version string: 1.021.000_006 / 64-Bit (OK)
Launcher:	C:\Program Files\Java\jdk-21\bin\javaw.exe
Launcher args:	-jar "C:\Users\UserDC\Desktop\MATERIAS DE ESTUDOS E PROJETOS\Todolist\todoList.exe"
Args length:	83/32768 chars
Exit code:	0
